Arguments: 
  C:\Program Files\nodejs\node.exe C:\Users\MASHABA FAMILY\.node\corepack\yarn\1.22.15\bin\yarn.js set version from sources

PATH: 
  C:\Program Files (x86)\Common Files\Oracle\Java\javapath;C:\Windows\system32;C:\Windows;C:\Windows\System32\Wbem;C:\Windows\System32\WindowsPowerShell\v1.0\;C:\Program Files\dotnet\;C:\Program Files\Git\cmd;C:\Program Files\nodejs\;C:\Users\Public\Newfolder;C:\Users\Public\Newfolder\Library\mingw-w64\bin;C:\Users\Public\Newfolder\Library\usr\bin;C:\Users\Public\Newfolder\Library\bin;C:\Users\Public\Newfolder\Scripts;C:\Users\MASHABA FAMILY\AppData\Roaming\npm;C:\Users\MASHABA FAMILY\AppData\Local\Programs\Microsoft VS Code\bin

Yarn version: 
  1.22.15

Node version: 
  16.15.0

Platform: 
  win32 x64

Trace: 
  Error: Release not found: from
      at C:\Users\MASHABA FAMILY\.node\corepack\yarn\1.22.15\lib\cli.js:86353:17
      at Generator.next (<anonymous>)
      at step (C:\Users\MASHABA FAMILY\.node\corepack\yarn\1.22.15\lib\cli.js:310:30)
      at C:\Users\MASHABA FAMILY\.node\corepack\yarn\1.22.15\lib\cli.js:321:13
      at processTicksAndRejections (node:internal/process/task_queues:96:5)

npm manifest: 
  No manifest

yarn manifest: 
  No manifest

Lockfile: 
  # THIS IS AN AUTOGENERATED FILE. DO NOT EDIT THIS FILE DIRECTLY.
  # yarn lockfile v1
